mode: set
github.com/shbhom/urlShortner/internal/services/analytics_worker.go:13.83,15.12 2 0
github.com/shbhom/urlShortner/internal/services/analytics_worker.go:15.12,17.7 2 0
github.com/shbhom/urlShortner/internal/services/analytics_worker.go:17.7,18.11 1 0
github.com/shbhom/urlShortner/internal/services/analytics_worker.go:19.22,22.11 3 0
github.com/shbhom/urlShortner/internal/services/analytics_worker.go:23.20,24.28 1 0
github.com/shbhom/urlShortner/internal/services/analytics_worker.go:30.57,32.75 2 1
github.com/shbhom/urlShortner/internal/services/analytics_worker.go:32.75,33.39 1 0
github.com/shbhom/urlShortner/internal/services/analytics_worker.go:33.39,36.4 2 0
github.com/shbhom/urlShortner/internal/services/analytics_worker.go:37.3,38.9 2 0
github.com/shbhom/urlShortner/internal/services/analytics_worker.go:40.2,41.16 2 1
github.com/shbhom/urlShortner/internal/services/analytics_worker.go:41.16,44.3 2 0
github.com/shbhom/urlShortner/internal/services/analytics_worker.go:45.2,45.71 1 1
github.com/shbhom/urlShortner/internal/services/analytics_worker.go:45.71,48.3 2 0
github.com/shbhom/urlShortner/internal/services/analytics_worker.go:49.2,49.54 1 1
github.com/shbhom/urlShortner/internal/services/analytics_worker.go:49.54,52.3 2 0
github.com/shbhom/urlShortner/internal/services/analytics_worker.go:53.2,53.71 1 1
github.com/shbhom/urlShortner/internal/services/analytics_worker.go:56.40,58.38 2 1
github.com/shbhom/urlShortner/internal/services/analytics_worker.go:58.38,60.17 2 1
github.com/shbhom/urlShortner/internal/services/analytics_worker.go:60.17,62.4 1 0
github.com/shbhom/urlShortner/internal/services/service.go:37.90,51.18 6 1
github.com/shbhom/urlShortner/internal/services/service.go:51.18,53.3 1 1
github.com/shbhom/urlShortner/internal/services/service.go:54.2,54.12 1 1
github.com/shbhom/urlShortner/internal/services/sqid.go:9.45,13.16 2 1
github.com/shbhom/urlShortner/internal/services/sqid.go:13.16,15.3 1 0
github.com/shbhom/urlShortner/internal/services/sqid.go:16.2,16.11 1 1
github.com/shbhom/urlShortner/internal/services/url.go:13.66,15.2 1 1
github.com/shbhom/urlShortner/internal/services/url.go:17.77,19.16 2 1
github.com/shbhom/urlShortner/internal/services/url.go:19.16,21.3 1 0
github.com/shbhom/urlShortner/internal/services/url.go:22.2,23.16 2 1
github.com/shbhom/urlShortner/internal/services/url.go:23.16,25.3 1 0
github.com/shbhom/urlShortner/internal/services/url.go:26.2,26.92 1 1
github.com/shbhom/urlShortner/internal/services/url.go:26.92,28.3 1 0
github.com/shbhom/urlShortner/internal/services/url.go:29.2,29.17 1 1
github.com/shbhom/urlShortner/internal/services/url.go:32.78,33.22 1 1
github.com/shbhom/urlShortner/internal/services/url.go:33.22,34.10 1 1
github.com/shbhom/urlShortner/internal/services/url.go:35.34,35.34 0 1
github.com/shbhom/urlShortner/internal/services/url.go:37.11,39.67 1 0
github.com/shbhom/urlShortner/internal/services/url.go:42.2,43.16 2 1
github.com/shbhom/urlShortner/internal/services/url.go:43.16,47.3 3 0
github.com/shbhom/urlShortner/internal/services/url.go:47.8,47.39 1 1
github.com/shbhom/urlShortner/internal/services/url.go:47.39,49.3 1 0
github.com/shbhom/urlShortner/internal/services/url.go:49.8,51.3 1 1
github.com/shbhom/urlShortner/internal/services/url.go:54.2,55.16 2 1
github.com/shbhom/urlShortner/internal/services/url.go:55.16,57.3 1 1
github.com/shbhom/urlShortner/internal/services/url.go:60.2,60.94 1 1
github.com/shbhom/urlShortner/internal/services/url.go:60.94,62.3 1 0
github.com/shbhom/urlShortner/internal/services/url.go:63.2,64.19 2 1
github.com/shbhom/urlShortner/internal/services/utils.go:8.64,10.16 2 0
github.com/shbhom/urlShortner/internal/services/utils.go:10.16,12.3 1 0
github.com/shbhom/urlShortner/internal/services/utils.go:13.2,13.32 1 0
